[0903/090907.262:ERROR:process_memory_win.cc(73)] ReadMemory at 0x7ff6855d0000 of 64 bytes failed: Only part of a ReadProcessMemory or WriteProcessMemory request was completed. (0x12B)
[0903/090907.951:WARNING:pe_image_reader.cc(340)] could not read dos header from C:\Program Files (x86)\Google\Chrome\Application\chrome.exe
[0903/090907.951:ERROR:process_memory_win.cc(73)] ReadMemory at 0x7ffe0a4c0000 of 64 bytes failed: Only part of a ReadProcessMemory or WriteProcessMemory request was completed. (0x12B)
[0903/090907.951:WARNING:pe_image_reader.cc(340)] could not read dos header from C:\Windows\SYSTEM32\ntdll.dll
[0903/090907.951:ERROR:process_memory_win.cc(73)] ReadMemory at 0x7ffe09660000 of 64 bytes failed: Only part of a ReadProcessMemory or WriteProcessMemory request was completed. (0x12B)
[0903/090907.951:WARNING:pe_image_reader.cc(340)] could not read dos header from C:\Windows\system32\KERNEL32.DLL
[0903/090907.951:ERROR:process_memory_win.cc(73)] ReadMemory at 0x7ffe07a30000 of 64 bytes failed: Only part of a ReadProcessMemory or WriteProcessMemory request was completed. (0x12B)
[0903/090907.952:WARNING:pe_image_reader.cc(340)] could not read dos header from C:\Windows\system32\KERNELBASE.dll
[0903/090907.952:ERROR:process_memory_win.cc(73)] ReadMemory at 0x7ffdedc10000 of 64 bytes failed: Only part of a ReadProcessMemory or WriteProcessMemory request was completed. (0x12B)
[0903/090907.952:WARNING:pe_image_reader.cc(340)] could not read dos header from C:\Program Files (x86)\Google\Chrome\Application\76.0.3809.100\chrome_elf.dll
[0903/090907.952:ERROR:process_memory_win.cc(73)] ReadMemory at 0x7ffe05b80000 of 64 bytes failed: Only part of a ReadProcessMemory or WriteProcessMemory request was completed. (0x12B)
[0903/090907.952:WARNING:pe_image_reader.cc(340)] could not read dos header from C:\Windows\SYSTEM32\VERSION.dll
[0903/090907.952:ERROR:process_memory_win.cc(73)] ReadMemory at 0x7ffe0a1d0000 of 64 bytes failed: Only part of a ReadProcessMemory or WriteProcessMemory request was completed. (0x12B)
[0903/090907.952:WARNING:pe_image_reader.cc(340)] could not read dos header from C:\Windows\system32\msvcrt.dll
[0903/090907.952:ERROR:process_memory_win.cc(73)] ReadMemory at 0x7ffe09e50000 of 64 bytes failed: Only part of a ReadProcessMemory or WriteProcessMemory request was completed. (0x12B)
[0903/090907.952:WARNING:pe_image_reader.cc(340)] could not read dos header from C:\Windows\system32\ADVAPI32.dll
[0903/090907.952:ERROR:process_memory_win.cc(73)] ReadMemory at 0x7ffe0a100000 of 64 bytes failed: Only part of a ReadProcessMemory or WriteProcessMemory request was completed. (0x12B)
[0903/090907.952:WARNING:pe_image_reader.cc(340)] could not read dos header from C:\Windows\SYSTEM32\sechost.dll
[0903/090907.952:ERROR:process_memory_win.cc(73)] ReadMemory at 0x7ffe07cb0000 of 64 bytes failed: Only part of a ReadProcessMemory or WriteProcessMemory request was completed. (0x12B)
[0903/090907.952:WARNING:pe_image_reader.cc(340)] could not read dos header from C:\Windows\system32\RPCRT4.dll
[0903/090907.952:ERROR:process_memory_win.cc(73)] ReadMemory at 0x7ffe076c0000 of 64 bytes failed: Only part of a ReadProcessMemory or WriteProcessMemory request was completed. (0x12B)
[0903/090907.952:WARNING:pe_image_reader.cc(340)] could not read dos header from C:\Windows\system32\SspiCli.dll
[0903/090907.953:ERROR:process_memory_win.cc(73)] ReadMemory at 0x7ffdcc970000 of 64 bytes failed: Only part of a ReadProcessMemory or WriteProcessMemory request was completed. (0x12B)
[0903/090907.953:WARNING:pe_image_reader.cc(340)] could not read dos header from C:\Program Files (x86)\Google\Chrome\Application\76.0.3809.100\chrome_child.dll
[0903/090907.953:ERROR:process_memory_win.cc(73)] ReadMemory at 0x7ffe09cb0000 of 64 bytes failed: Only part of a ReadProcessMemory or WriteProcessMemory request was completed. (0x12B)
[0903/090907.953:WARNING:pe_image_reader.cc(340)] could not read dos header from C:\Windows\system32\OLEAUT32.dll
[0903/090907.953:ERROR:process_memory_win.cc(73)] ReadMemory at 0x7ffe07e30000 of 64 bytes failed: Only part of a ReadProcessMemory or WriteProcessMemory request was completed. (0x12B)
[0903/090907.953:WARNING:pe_image_reader.cc(340)] could not read dos header from C:\Windows\system32\WS2_32.dll
[0903/090907.953:ERROR:process_memory_win.cc(73)] ReadMemory at 0x7ffe02e90000 of 64 bytes failed: Only part of a ReadProcessMemory or WriteProcessMemory request was completed. (0x12B)
[0903/090907.953:WARNING:pe_image_reader.cc(340)] could not read dos header from C:\Windows\SYSTEM32\IPHLPAPI.DLL
[0903/090907.953:ERROR:process_memory_win.cc(73)] ReadMemory at 0x7ffe05f50000 of 64 bytes failed: Only part of a ReadProcessMemory or WriteProcessMemory request was completed. (0x12B)
[0903/090907.953:WARNING:pe_image_reader.cc(340)] could not read dos header from C:\Windows\SYSTEM32\WINMM.dll
[0903/090907.953:ERROR:process_memory_win.cc(73)] ReadMemory at 0x7ffe07b60000 of 64 bytes failed: Only part of a ReadProcessMemory or WriteProcessMemory request was completed. (0x12B)
[0903/090907.953:WARNING:pe_image_reader.cc(340)] could not read dos header from C:\Windows\system32\GDI32.dll
[0903/090907.953:ERROR:process_memory_win.cc(73)] ReadMemory at 0x7ffe078d0000 of 64 bytes failed: Only part of a ReadProcessMemory or WriteProcessMemory request was completed. (0x12B)
[0903/090907.953:WARNING:pe_image_reader.cc(340)] could not read dos header from C:\Windows\system32\WINTRUST.dll
[0903/090907.954:ERROR:process_memory_win.cc(73)] ReadMemory at 0x7ffe076f0000 of 64 bytes failed: Only part of a ReadProcessMemory or WriteProcessMemory request was completed. (0x12B)
[0903/090907.954:WARNING:pe_image_reader.cc(340)] could not read dos header from C:\Windows\system32\CRYPT32.dll
[0903/090907.954:ERROR:process_memory_win.cc(73)] ReadMemory at 0x7ffe06750000 of 64 bytes failed: Only part of a ReadProcessMemory or WriteProcessMemory request was completed. (0x12B)
[0903/090907.954:WARNING:pe_image_reader.cc(340)] could not read dos header from C:\Windows\SYSTEM32\USERENV.dll
[0903/090907.954:ERROR:process_memory_win.cc(73)] ReadMemory at 0x7ffe036b0000 of 64 bytes failed: Only part of a ReadProcessMemory or WriteProcessMemory request was completed. (0x12B)
[0903/093452.147:WARNING:pe_image_reader.cc(340)] could not read dos header from C:\Windows\SYSTEM32\DWrite.dll
[0903/093452.148:ERROR:process_memory_win.cc(73)] ReadMemory at 0x7ffe05d80000 of 64 bytes failed: Only part of a ReadProcessMemory or WriteProcessMemory request was completed. (0x12B)
[0903/093452.148:WARNING:pe_image_reader.cc(340)] could not read dos header from C:\Windows\SYSTEM32\WINSPOOL.DRV
[0903/093452.148:ERROR:process_memory_win.cc(73)] ReadMemory at 0x7ffdfffa0000 of 64 bytes failed: Only part of a ReadProcessMemory or WriteProcessMemory request was completed. (0x12B)
[0903/093452.148:WARNING:pe_image_reader.cc(340)] could not read dos header from C:\Windows\SYSTEM32\dbghelp.dll
[0903/093452.148:ERROR:process_memory_win.cc(73)] ReadMemory at 0x7ffdff000000 of 64 bytes failed: Only part of a ReadProcessMemory or WriteProcessMemory request was completed. (0x12B)
[0903/093452.148:WARNING:pe_image_reader.cc(340)] could not read dos header from C:\Windows\SYSTEM32\WINHTTP.dll
[0903/093452.148:ERROR:process_memory_win.cc(73)] ReadMemory at 0x7ffe047e0000 of 64 bytes failed: Only part of a ReadProcessMemory or WriteProcessMemory request was completed. (0x12B)
[0903/093452.148:WARNING:pe_image_reader.cc(340)] could not read dos header from C:\Windows\SYSTEM32\Secur32.dll
[0903/093452.148:ERROR:process_memory_win.cc(73)] ReadMemory at 0x7ffe01b50000 of 64 bytes failed: Only part of a ReadProcessMemory or WriteProcessMemory request was completed. (0x12B)
[0903/093452.148:WARNING:pe_image_reader.cc(340)] could not read dos header from C:\Windows\SYSTEM32\dhcpcsvc.DLL
[0903/093452.148:ERROR:process_memory_win.cc(73)] ReadMemory at 0x7ffe09450000 of 64 bytes failed: Only part of a ReadProcessMemory or WriteProcessMemory request was completed. (0x12B)
[0903/093452.148:WARNING:pe_image_reader.cc(340)] could not read dos header from C:\Windows\system32\combase.dll
[0903/093452.148:ERROR:process_memory_win.cc(73)] ReadMemory at 0x7ffe07b50000 of 64 bytes failed: Only part of a ReadProcessMemory or WriteProcessMemory request was completed. (0x12B)
[0903/093452.148:WARNING:pe_image_reader.cc(340)] could not read dos header from C:\Windows\system32\NSI.dll
[0903/093452.148:ERROR:process_memory_win.cc(73)] ReadMemory at 0x7ffe02e10000 of 64 bytes failed: Only part of a ReadProcessMemory or WriteProcessMemory request was completed. (0x12B)
[0903/093452.148:WARNING:pe_image_reader.cc(340)] could not read dos header from C:\Windows\SYSTEM32\WINNSI.DLL
[0903/093452.148:ERROR:process_memory_win.cc(73)] ReadMemory at 0x7ffe05e90000 of 64 bytes failed: Only part of a ReadProcessMemory or WriteProcessMemory request was completed. (0x12B)
[0903/093452.148:WARNING:pe_image_reader.cc(340)] could not read dos header from C:\Windows\SYSTEM32\WINMMBASE.dll
[0903/093452.148:ERROR:process_memory_win.cc(73)] ReadMemory at 0x7ffe0a340000 of 64 bytes failed: Only part of a ReadProcessMemory or WriteProcessMemory request was completed. (0x12B)
[0903/093452.148:WARNING:pe_image_reader.cc(340)] could not read dos header from C:\Windows\system32\USER32.dll
[0903/093452.148:ERROR:process_memory_win.cc(73)] ReadMemory at 0x7ffe076a0000 of 64 bytes failed: Only part of a ReadProcessMemory or WriteProcessMemory request was completed. (0x12B)
[0903/093452.148:WARNING:pe_image_reader.cc(340)] could not read dos header from C:\Windows\system32\MSASN1.dll
[0903/093452.148:ERROR:process_memory_win.cc(73)] ReadMemory at 0x7ffe075f0000 of 64 bytes failed: Only part of a ReadProcessMemory or WriteProcessMemory request was completed. (0x12B)
[0903/093452.148:WARNING:pe_image_reader.cc(340)] could not read dos header from C:\Windows\SYSTEM32\profapi.dll
[0903/093452.148:ERROR:process_memory_win.cc(73)] ReadMemory at 0x7ffe079e0000 of 64 bytes failed: Only part of a ReadProcessMemory or WriteProcessMemory request was completed. (0x12B)
[0903/093452.148:WARNING:pe_image_reader.cc(340)] could not read dos header from C:\Windows\SYSTEM32\cfgmgr32.dll
[0903/093452.148:ERROR:process_memory_win.cc(73)] ReadMemory at 0x7ffe05940000 of 64 bytes failed: Only part of a ReadProcessMemory or WriteProcessMemory request was completed. (0x12B)
[0903/093452.148:WARNING:pe_image_reader.cc(340)] could not read dos header from C:\Windows\SYSTEM32\DEVOBJ.dll
[0903/093452.149:ERROR:process_memory_win.cc(73)] ReadMemory at 0x7708410000 of 64 bytes failed: Only part of a ReadProcessMemory or WriteProcessMemory request was completed. (0x12B)
[0903/093452.149:WARNING:pe_image_reader.cc(340)] could not read dos header from C:\Windows\system32\IMM32.DLL
[0903/093452.149:ERROR:process_memory_win.cc(73)] ReadMemory at 0x7ffe09b50000 of 64 bytes failed: Only part of a ReadProcessMemory or WriteProcessMemory request was completed. (0x12B)
[0903/093452.149:WARNING:pe_image_reader.cc(340)] could not read dos header from C:\Windows\system32\MSCTF.dll
[0903/093452.149:ERROR:process_memory_win.cc(73)] ReadMemory at 0x7ffe07e90000 of 64 bytes failed: Only part of a ReadProcessMemory or WriteProcessMemory request was completed. (0x12B)
[0903/093452.149:WARNING:pe_image_reader.cc(340)] could not read dos header from C:\Windows\system32\SHELL32.dll
[0903/093452.149:ERROR:process_memory_win.cc(73)] ReadMemory at 0x7ffe0a160000 of 64 bytes failed: Only part of a ReadProcessMemory or WriteProcessMemory request was completed. (0x12B)
[0903/093452.149:WARNING:pe_image_reader.cc(340)] could not read dos header from C:\Windows\system32\SHLWAPI.dll
[0903/093452.149:ERROR:process_memory_win.cc(73)] ReadMemory at 0x7ffe06c20000 of 64 bytes failed: Only part of a ReadProcessMemory or WriteProcessMemory request was completed. (0x12B)
[0903/093452.149:WARNING:pe_image_reader.cc(340)] could not read dos header from C:\Windows\SYSTEM32\SHCORE.dll
[0903/093452.149:ERROR:process_memory_win.cc(73)] ReadMemory at 0x7ffe074c0000 of 64 bytes failed: Only part of a ReadProcessMemory or WriteProcessMemory request was completed. (0x12B)
[0903/093452.149:WARNING:pe_image_reader.cc(340)] could not read dos header from C:\Windows\SYSTEM32\CRYPTBASE.DLL
[0903/093452.149:ERROR:process_memory_win.cc(73)] ReadMemory at 0x7ffe07450000 of 64 bytes failed: Only part of a ReadProcessMemory or WriteProcessMemory request was completed. (0x12B)
[0903/093452.149:WARNING:pe_image_reader.cc(340)] could not read dos header from C:\Windows\SYSTEM32\bcryptPrimitives.dll
[0903/093452.237:ERROR:process_memory_win.cc(73)] ReadMemory at 0x7ff6855d0000 of 64 bytes failed: Only part of a ReadProcessMemory or WriteProcessMemory request was completed. (0x12B)
[0903/093452.237:WARNING:pe_image_reader.cc(340)] could not read dos header from C:\Program Files (x86)\Google\Chrome\Application\chrome.exe
[0903/093452.237:ERROR:process_memory_win.cc(73)] ReadMemory at 0x7ff6855d0000 of 64 bytes failed: Only part of a ReadProcessMemory or WriteProcessMemory request was completed. (0x12B)
[0903/093452.237:WARNING:pe_image_reader.cc(340)] could not read dos header from C:\Program Files (x86)\Google\Chrome\Application\chrome.exe
[0903/093452.764:ERROR:process_memory_win.cc(73)] ReadMemory at 0x7ffe0a4c0000 of 64 bytes failed: Only part of a ReadProcessMemory or WriteProcessMemory request was completed. (0x12B)
[0903/093452.764:WARNING:pe_image_reader.cc(340)] could not read dos header from C:\Windows\SYSTEM32\ntdll.dll
[0903/093452.764:ERROR:process_memory_win.cc(73)] ReadMemory at 0x7ffe0a4c0000 of 64 bytes failed: Only part of a ReadProcessMemory or WriteProcessMemory request was completed. (0x12B)
[0903/093452.764:WARNING:pe_image_reader.cc(340)] could not read dos header from C:\Windows\SYSTEM32\ntdll.dll
[0903/093452.764:ERROR:process_memory_win.cc(73)] ReadMemory at 0x7ffe09660000 of 64 bytes failed: Only part of a ReadProcessMemory or WriteProcessMemory request was completed. (0x12B)
[0903/093452.764:WARNING:pe_image_reader.cc(340)] could not read dos header from C:\Windows\system32\KERNEL32.DLL
[0903/093452.764:ERROR:process_memory_win.cc(73)] ReadMemory at 0x7ffe09660000 of 64 bytes failed: Only part of a ReadProcessMemory or WriteProcessMemory request was completed. (0x12B)
[0903/093452.764:WARNING:pe_image_reader.cc(340)] could not read dos header from C:\Windows\system32\KERNEL32.DLL
[0903/093452.764:ERROR:process_memory_win.cc(73)] ReadMemory at 0x7ffe07a30000 of 64 bytes failed: Only part of a ReadProcessMemory or WriteProcessMemory request was completed. (0x12B)
[0903/093452.764:WARNING:pe_image_reader.cc(340)] could not read dos header from C:\Windows\system32\KERNELBASE.dll
[0903/093452.764:ERROR:process_memory_win.cc(73)] ReadMemory at 0x7ffe07a30000 of 64 bytes failed: Only part of a ReadProcessMemory or WriteProcessMemory request was completed. (0x12B)
[0903/093452.764:WARNING:pe_image_reader.cc(340)] could not read dos header from C:\Windows\system32\KERNELBASE.dll
[0903/093452.764:ERROR:process_memory_win.cc(73)] ReadMemory at 0x7ffdedc10000 of 64 bytes failed: Only part of a ReadProcessMemory or WriteProcessMemory request was completed. (0x12B)
[0903/093452.764:WARNING:pe_image_reader.cc(340)] could not read dos header from C:\Program Files (x86)\Google\Chrome\Application\76.0.3809.100\chrome_elf.dll
[0903/093452.764:ERROR:process_memory_win.cc(73)] ReadMemory at 0x7ffdedc10000 of 64 bytes failed: Only part of a ReadProcessMemory or WriteProcessMemory request was completed. (0x12B)
[0903/093452.764:WARNING:pe_image_reader.cc(340)] could not read dos header from C:\Program Files (x86)\Google\Chrome\Application\76.0.3809.100\chrome_elf.dll
[0903/093452.764:ERROR:process_memory_win.cc(73)] ReadMemory at 0x7ffe05b80000 of 64 bytes failed: Only part of a ReadProcessMemory or WriteProcessMemory request was completed. (0x12B)
[0903/093452.764:WARNING:pe_image_reader.cc(340)] could not read dos header from C:\Windows\SYSTEM32\VERSION.dll
[0903/093452.764:ERROR:process_memory_win.cc(73)] ReadMemory at 0x7ffe05b80000 of 64 bytes failed: Only part of a ReadProcessMemory or WriteProcessMemory request was completed. (0x12B)
[0903/093452.764:WARNING:pe_image_reader.cc(340)] could not read dos header from C:\Windows\SYSTEM32\VERSION.dll
[0903/093452.764:ERROR:process_memory_win.cc(73)] ReadMemory at 0x7ffe0a1d0000 of 64 bytes failed: Only part of a ReadProcessMemory or WriteProcessMemory request was completed. (0x12B)
[0903/093452.764:WARNING:pe_image_reader.cc(340)] could not read dos header from C:\Windows\system32\msvcrt.dll
[0903/093452.764:ERROR:process_memory_win.cc(73)] ReadMemory at 0x7ffe0a1d0000 of 64 bytes failed: Only part of a ReadProcessMemory or WriteProcessMemory request was completed. (0x12B)
[0903/093452.764:WARNING:pe_image_reader.cc(340)] could not read dos header from C:\Windows\system32\msvcrt.dll
[0903/093452.764:ERROR:process_memory_win.cc(73)] ReadMemory at 0x7ffe09e50000 of 64 bytes failed: Only part of a ReadProcessMemory or WriteProcessMemory request was completed. (0x12B)
[0903/093452.764:WARNING:pe_image_reader.cc(340)] could not read dos header from C:\Windows\system32\ADVAPI32.dll
[0903/093452.764:ERROR:process_memory_win.cc(73)] ReadMemory at 0x7ffe09e50000 of 64 bytes failed: Only part of a ReadProcessMemory or WriteProcessMemory request was completed. (0x12B)
[0903/093452.764:WARNING:pe_image_reader.cc(340)] could not read dos header from C:\Windows\system32\ADVAPI32.dll
[0903/093452.764:ERROR:process_memory_win.cc(73)] ReadMemory at 0x7ffe0a100000 of 64 bytes failed: Only part of a ReadProcessMemory or WriteProcessMemory request was completed. (0x12B)
[0903/093452.764:WARNING:pe_image_reader.cc(340)] could not read dos header from C:\Windows\SYSTEM32\sechost.dll
[0903/093452.764:ERROR:process_memory_win.cc(73)] ReadMemory at 0x7ffe0a100000 of 64 bytes failed: Only part of a ReadProcessMemory or WriteProcessMemory request was completed. (0x12B)
[0903/093452.764:WARNING:pe_image_reader.cc(340)] could not read dos header from C:\Windows\SYSTEM32\sechost.dll
[0903/093452.765:ERROR:process_memory_win.cc(73)] ReadMemory at 0x7ffe07cb0000 of 64 bytes failed: Only part of a ReadProcessMemory or WriteProcessMemory request was completed. (0x12B)
[0903/093452.765:WARNING:pe_image_reader.cc(340)] could not read dos header from C:\Windows\system32\RPCRT4.dll
[0903/093452.765:ERROR:process_memory_win.cc(73)] ReadMemory at 0x7ffe07cb0000 of 64 bytes failed: Only part of a ReadProcessMemory or WriteProcessMemory request was completed. (0x12B)
[0903/093452.765:WARNING:pe_image_reader.cc(340)] could not read dos header from C:\Windows\system32\RPCRT4.dll
[0903/093452.765:ERROR:process_memory_win.cc(73)] ReadMemory at 0x7ffe076c0000 of 64 bytes failed: Only part of a ReadProcessMemory or WriteProcessMemory request was completed. (0x12B)
[0903/093452.765:WARNING:pe_image_reader.cc(340)] could not read dos header from C:\Windows\system32\SspiCli.dll
[0903/093452.765:ERROR:process_memory_win.cc(73)] ReadMemory at 0x7ffe076c0000 of 64 bytes failed: Only part of a ReadProcessMemory or WriteProcessMemory request was completed. (0x12B)
[0903/093452.765:WARNING:pe_image_reader.cc(340)] could not read dos header from C:\Windows\system32\SspiCli.dll
[0903/093452.765:ERROR:process_memory_win.cc(73)] ReadMemory at 0x7ffdcc970000 of 64 bytes failed: Only part of a ReadProcessMemory or WriteProcessMemory request was completed. (0x12B)
[0903/093452.765:WARNING:pe_image_reader.cc(340)] could not read dos header from C:\Program Files (x86)\Google\Chrome\Application\76.0.3809.100\chrome_child.dll
[0903/093452.765:ERROR:process_memory_win.cc(73)] ReadMemory at 0x7ffdcc970000 of 64 bytes failed: Only part of a ReadProcessMemory or WriteProcessMemory request was completed. (0x12B)
[0903/093452.765:WARNING:pe_image_reader.cc(340)] could not read dos header from C:\Program Files (x86)\Google\Chrome\Application\76.0.3809.100\chrome_child.dll
[0903/093452.765:ERROR:process_memory_win.cc(73)] ReadMemory at 0x7ffe09cb0000 of 64 bytes failed: Only part of a ReadProcessMemory or WriteProcessMemory request was completed. (0x12B)
[0903/093452.765:WARNING:pe_image_reader.cc(340)] could not read dos header from C:\Windows\system32\OLEAUT32.dll
[0903/093452.765:ERROR:process_memory_win.cc(73)] ReadMemory at 0x7ffe09cb0000 of 64 bytes failed: Only part of a ReadProcessMemory or WriteProcessMemory request was completed. (0x12B)
[0903/093452.765:WARNING:pe_image_reader.cc(340)] could not read dos header from C:\Windows\system32\OLEAUT32.dll
[0903/093452.765:ERROR:process_memory_win.cc(73)] ReadMemory at 0x7ffe07e30000 of 64 bytes failed: Only part of a ReadProcessMemory or WriteProcessMemory request was completed. (0x12B)
[0903/093452.765:WARNING:pe_image_reader.cc(340)] could not read dos header from C:\Windows\system32\WS2_32.dll
[0903/093452.765:ERROR:process_memory_win.cc(73)] ReadMemory at 0x7ffe07e30000 of 64 bytes failed: Only part of a ReadProcessMemory or WriteProcessMemory request was completed. (0x12B)
[0903/093452.765:WARNING:pe_image_reader.cc(340)] could not read dos header from C:\Windows\system32\WS2_32.dll
[0903/093452.765:ERROR:process_memory_win.cc(73)] ReadMemory at 0x7ffe02e90000 of 64 bytes failed: Only part of a ReadProcessMemory or WriteProcessMemory request was completed. (0x12B)
[0903/093452.765:WARNING:pe_image_reader.cc(340)] could not read dos header from C:\Windows\SYSTEM32\IPHLPAPI.DLL
[0903/093452.765:ERROR:process_memory_win.cc(73)] ReadMemory at 0x7ffe02e90000 of 64 bytes failed: Only part of a ReadProcessMemory or WriteProcessMemory request was completed. (0x12B)
[0903/093452.765:WARNING:pe_image_reader.cc(340)] could not read dos header from C:\Windows\SYSTEM32\IPHLPAPI.DLL
[0903/093452.765:ERROR:process_memory_win.cc(73)] ReadMemory at 0x7ffe05f50000 of 64 bytes failed: Only part of a ReadProcessMemory or WriteProcessMemory request was completed. (0x12B)
[0903/093452.765:WARNING:pe_image_reader.cc(340)] could not read dos header from C:\Windows\SYSTEM32\WINMM.dll
[0903/093452.765:ERROR:process_memory_win.cc(73)] ReadMemory at 0x7ffe05f50000 of 64 bytes failed: Only part of a ReadProcessMemory or WriteProcessMemory request was completed. (0x12B)
[0903/093452.765:WARNING:pe_image_reader.cc(340)] could not read dos header from C:\Windows\SYSTEM32\WINMM.dll
[0903/093452.765:ERROR:process_memory_win.cc(73)] ReadMemory at 0x7ffe07b60000 of 64 bytes failed: Only part of a ReadProcessMemory or WriteProcessMemory request was completed. (0x12B)
[0903/093452.765:WARNING:pe_image_reader.cc(340)] could not read dos header from C:\Windows\system32\GDI32.dll
[0903/093452.765:ERROR:process_memory_win.cc(73)] ReadMemory at 0x7ffe07b60000 of 64 bytes failed: Only part of a ReadProcessMemory or WriteProcessMemory request was completed. (0x12B)
[0903/093452.765:WARNING:pe_image_reader.cc(340)] could not read dos header from C:\Windows\system32\GDI32.dll
[0903/093452.765:ERROR:process_memory_win.cc(73)] ReadMemory at 0x7ffe078d0000 of 64 bytes failed: Only part of a ReadProcessMemory or WriteProcessMemory request was completed. (0x12B)
[0903/093452.765:WARNING:pe_image_reader.cc(340)] could not read dos header from C:\Windows\system32\WINTRUST.dll
[0903/093452.765:ERROR:process_memory_win.cc(73)] ReadMemory at 0x7ffe078d0000 of 64 bytes failed: Only part of a ReadProcessMemory or WriteProcessMemory request was completed. (0x12B)
[0903/093452.765:WARNING:pe_image_reader.cc(340)] could not read dos header from C:\Windows\system32\WINTRUST.dll
[0903/093452.765:ERROR:process_memory_win.cc(73)] ReadMemory at 0x7ffe076f0000 of 64 bytes failed: Only part of a ReadProcessMemory or WriteProcessMemory request was completed. (0x12B)
[0903/093452.765:WARNING:pe_image_reader.cc(340)] could not read dos header from C:\Windows\system32\CRYPT32.dll
[0903/093452.765:ERROR:process_memory_win.cc(73)] ReadMemory at 0x7ffe076f0000 of 64 bytes failed: Only part of a ReadProcessMemory or WriteProcessMemory request was completed. (0x12B)
[0903/093452.765:WARNING:pe_image_reader.cc(340)] could not read dos header from C:\Windows\system32\CRYPT32.dll
[0903/093452.765:ERROR:process_memory_win.cc(73)] ReadMemory at 0x7ffe06750000 of 64 bytes failed: Only part of a ReadProcessMemory or WriteProcessMemory request was completed. (0x12B)
[0903/093452.765:WARNING:pe_image_reader.cc(340)] could not read dos header from C:\Windows\SYSTEM32\USERENV.dll
[0903/093452.766:ERROR:process_memory_win.cc(73)] ReadMemory at 0x7ffe06750000 of 64 bytes failed: Only part of a ReadProcessMemory or WriteProcessMemory request was completed. (0x12B)
[0903/093452.766:WARNING:pe_image_reader.cc(340)] could not read dos header from C:\Windows\SYSTEM32\USERENV.dll
[0903/093452.766:ERROR:process_memory_win.cc(73)] ReadMemory at 0x7ffe036b0000 of 64 bytes failed: Only part of a ReadProcessMemory or WriteProcessMemory request was completed. (0x12B)
[0903/093452.766:WARNING:pe_image_reader.cc(340)] could not read dos header from C:\Windows\SYSTEM32\DWrite.dll
[0903/093452.766:ERROR:process_memory_win.cc(73)] ReadMemory at 0x7ffe036b0000 of 64 bytes failed: Only part of a ReadProcessMemory or WriteProcessMemory request was completed. (0x12B)
[0903/093452.766:WARNING:pe_image_reader.cc(340)] could not read dos header from C:\Windows\SYSTEM32\DWrite.dll
[0903/093452.766:ERROR:process_memory_win.cc(73)] ReadMemory at 0x7ffe05d80000 of 64 bytes failed: Only part of a ReadProcessMemory or WriteProcessMemory request was completed. (0x12B)
[0903/093452.766:WARNING:pe_image_reader.cc(340)] could not read dos header from C:\Windows\SYSTEM32\WINSPOOL.DRV
[0903/093452.766:ERROR:process_memory_win.cc(73)] ReadMemory at 0x7ffe05d80000 of 64 bytes failed: Only part of a ReadProcessMemory or WriteProcessMemory request was completed. (0x12B)
[0903/093452.766:WARNING:pe_image_reader.cc(340)] could not read dos header from C:\Windows\SYSTEM32\WINSPOOL.DRV
[0903/093452.766:ERROR:process_memory_win.cc(73)] ReadMemory at 0x7ffdfffa0000 of 64 bytes failed: Only part of a ReadProcessMemory or WriteProcessMemory request was completed. (0x12B)
[0903/093452.766:WARNING:pe_image_reader.cc(340)] could not read dos header from C:\Windows\SYSTEM32\dbghelp.dll
[0903/093452.766:ERROR:process_memory_win.cc(73)] ReadMemory at 0x7ffdfffa0000 of 64 bytes failed: Only part of a ReadProcessMemory or WriteProcessMemory request was completed. (0x12B)
[0903/093452.766:WARNING:pe_image_reader.cc(340)] could not read dos header from C:\Windows\SYSTEM32\dbghelp.dll
[0903/093452.766:ERROR:process_memory_win.cc(73)] ReadMemory at 0x7ffdff000000 of 64 bytes failed: Only part of a ReadProcessMemory or WriteProcessMemory request was completed. (0x12B)
[0903/093452.766:WARNING:pe_image_reader.cc(340)] could not read dos header from C:\Windows\SYSTEM32\WINHTTP.dll
[0903/093452.766:ERROR:process_memory_win.cc(73)] ReadMemory at 0x7ffdff000000 of 64 bytes failed: Only part of a ReadProcessMemory or WriteProcessMemory request was completed. (0x12B)
[0903/093452.766:WARNING:pe_image_reader.cc(340)] could not read dos header from C:\Windows\SYSTEM32\WINHTTP.dll
[0903/093452.766:ERROR:process_memory_win.cc(73)] ReadMemory at 0x7ffe047e0000 of 64 bytes failed: Only part of a ReadProcessMemory or WriteProcessMemory request was completed. (0x12B)
[0903/093452.766:WARNING:pe_image_reader.cc(340)] could not read dos header from C:\Windows\SYSTEM32\Secur32.dll
[0903/093452.766:ERROR:process_memory_win.cc(73)] ReadMemory at 0x7ffe047e0000 of 64 bytes failed: Only part of a ReadProcessMemory or WriteProcessMemory request was completed. (0x12B)
[0903/093452.766:WARNING:pe_image_reader.cc(340)] could not read dos header from C:\Windows\SYSTEM32\Secur32.dll
[0903/093452.766:ERROR:process_memory_win.cc(73)] ReadMemory at 0x7ffe01b50000 of 64 bytes failed: Only part of a ReadProcessMemory or WriteProcessMemory request was completed. (0x12B)
[0903/093452.766:WARNING:pe_image_reader.cc(340)] could not read dos header from C:\Windows\SYSTEM32\dhcpcsvc.DLL
[0903/093452.766:ERROR:process_memory_win.cc(73)] ReadMemory at 0x7ffe01b50000 of 64 bytes failed: Only part of a ReadProcessMemory or WriteProcessMemory request was completed. (0x12B)
[0903/093452.766:WARNING:pe_image_reader.cc(340)] could not read dos header from C:\Windows\SYSTEM32\dhcpcsvc.DLL
[0903/093452.766:ERROR:process_memory_win.cc(73)] ReadMemory at 0x7ffe09450000 of 64 bytes failed: Only part of a ReadProcessMemory or WriteProcessMemory request was completed. (0x12B)
[0903/093452.766:WARNING:pe_image_reader.cc(340)] could not read dos header from C:\Windows\system32\combase.dll
[0903/093452.766:ERROR:process_memory_win.cc(73)] ReadMemory at 0x7ffe09450000 of 64 bytes failed: Only part of a ReadProcessMemory or WriteProcessMemory request was completed. (0x12B)
[0903/093452.766:WARNING:pe_image_reader.cc(340)] could not read dos header from C:\Windows\system32\combase.dll
[0903/093452.766:ERROR:process_memory_win.cc(73)] ReadMemory at 0x7ffe07b50000 of 64 bytes failed: Only part of a ReadProcessMemory or WriteProcessMemory request was completed. (0x12B)
[0903/093452.766:WARNING:pe_image_reader.cc(340)] could not read dos header from C:\Windows\system32\NSI.dll
[0903/093452.766:ERROR:process_memory_win.cc(73)] ReadMemory at 0x7ffe07b50000 of 64 bytes failed: Only part of a ReadProcessMemory or WriteProcessMemory request was completed. (0x12B)
[0903/093452.766:WARNING:pe_image_reader.cc(340)] could not read dos header from C:\Windows\system32\NSI.dll
[0903/093452.766:ERROR:process_memory_win.cc(73)] ReadMemory at 0x7ffe02e10000 of 64 bytes failed: Only part of a ReadProcessMemory or WriteProcessMemory request was completed. (0x12B)
[0903/093452.766:WARNING:pe_image_reader.cc(340)] could not read dos header from C:\Windows\SYSTEM32\WINNSI.DLL
[0903/093452.766:ERROR:process_memory_win.cc(73)] ReadMemory at 0x7ffe02e10000 of 64 bytes failed: Only part of a ReadProcessMemory or WriteProcessMemory request was completed. (0x12B)
[0903/093452.766:WARNING:pe_image_reader.cc(340)] could not read dos header from C:\Windows\SYSTEM32\WINNSI.DLL
[0903/093452.766:ERROR:process_memory_win.cc(73)] ReadMemory at 0x7ffe05e90000 of 64 bytes failed: Only part of a ReadProcessMemory or WriteProcessMemory request was completed. (0x12B)
[0903/093452.766:WARNING:pe_image_reader.cc(340)] could not read dos header from C:\Windows\SYSTEM32\WINMMBASE.dll
[0903/093452.766:ERROR:process_memory_win.cc(73)] ReadMemory at 0x7ffe05e90000 of 64 bytes failed: Only part of a ReadProcessMemory or WriteProcessMemory request was completed. (0x12B)
[0903/093452.767:WARNING:pe_image_reader.cc(340)] could not read dos header from C:\Windows\SYSTEM32\WINMMBASE.dll
[0903/093452.767:ERROR:process_memory_win.cc(73)] ReadMemory at 0x7ffe0a340000 of 64 bytes failed: Only part of a ReadProcessMemory or WriteProcessMemory request was completed. (0x12B)
[0903/093452.767:WARNING:pe_image_reader.cc(340)] could not read dos header from C:\Windows\system32\USER32.dll
[0903/093452.767:ERROR:process_memory_win.cc(73)] ReadMemory at 0x7ffe0a340000 of 64 bytes failed: Only part of a ReadProcessMemory or WriteProcessMemory request was completed. (0x12B)
[0903/093452.767:WARNING:pe_image_reader.cc(340)] could not read dos header from C:\Windows\system32\USER32.dll
[0903/093452.767:ERROR:process_memory_win.cc(73)] ReadMemory at 0x7ffe076a0000 of 64 bytes failed: Only part of a ReadProcessMemory or WriteProcessMemory request was completed. (0x12B)
[0903/093452.767:WARNING:pe_image_reader.cc(340)] could not read dos header from C:\Windows\system32\MSASN1.dll
[0903/093452.767:ERROR:process_memory_win.cc(73)] ReadMemory at 0x7ffe076a0000 of 64 bytes failed: Only part of a ReadProcessMemory or WriteProcessMemory request was completed. (0x12B)
[0903/093452.767:WARNING:pe_image_reader.cc(340)] could not read dos header from C:\Windows\system32\MSASN1.dll
[0903/093452.767:ERROR:process_memory_win.cc(73)] ReadMemory at 0x7ffe075f0000 of 64 bytes failed: Only part of a ReadProcessMemory or WriteProcessMemory request was completed. (0x12B)
[0903/093452.767:WARNING:pe_image_reader.cc(340)] could not read dos header from C:\Windows\SYSTEM32\profapi.dll
[0903/093452.767:ERROR:process_memory_win.cc(73)] ReadMemory at 0x7ffe075f0000 of 64 bytes failed: Only part of a ReadProcessMemory or WriteProcessMemory request was completed. (0x12B)
[0903/093452.767:WARNING:pe_image_reader.cc(340)] could not read dos header from C:\Windows\SYSTEM32\profapi.dll
[0903/093452.767:ERROR:process_memory_win.cc(73)] ReadMemory at 0x7ffe079e0000 of 64 bytes failed: Only part of a ReadProcessMemory or WriteProcessMemory request was completed. (0x12B)
[0903/093452.767:WARNING:pe_image_reader.cc(340)] could not read dos header from C:\Windows\SYSTEM32\cfgmgr32.dll
[0903/093452.767:ERROR:process_memory_win.cc(73)] ReadMemory at 0x7ffe079e0000 of 64 bytes failed: Only part of a ReadProcessMemory or WriteProcessMemory request was completed. (0x12B)
[0903/093452.767:WARNING:pe_image_reader.cc(340)] could not read dos header from C:\Windows\SYSTEM32\cfgmgr32.dll
[0903/093452.767:ERROR:process_memory_win.cc(73)] ReadMemory at 0x7ffe05940000 of 64 bytes failed: Only part of a ReadProcessMemory or WriteProcessMemory request was completed. (0x12B)
[0903/093452.767:WARNING:pe_image_reader.cc(340)] could not read dos header from C:\Windows\SYSTEM32\DEVOBJ.dll
[0903/093452.767:ERROR:process_memory_win.cc(73)] ReadMemory at 0x7ffe05940000 of 64 bytes failed: Only part of a ReadProcessMemory or WriteProcessMemory request was completed. (0x12B)
[0903/093452.767:WARNING:pe_image_reader.cc(340)] could not read dos header from C:\Windows\SYSTEM32\DEVOBJ.dll
[0903/093452.767:ERROR:process_memory_win.cc(73)] ReadMemory at 0x7708410000 of 64 bytes failed: Only part of a ReadProcessMemory or WriteProcessMemory request was completed. (0x12B)
[0903/093452.767:WARNING:pe_image_reader.cc(340)] could not read dos header from C:\Windows\system32\IMM32.DLL
[0903/093452.767:ERROR:process_memory_win.cc(73)] ReadMemory at 0x7708410000 of 64 bytes failed: Only part of a ReadProcessMemory or WriteProcessMemory request was completed. (0x12B)
[0903/093452.767:WARNING:pe_image_reader.cc(340)] could not read dos header from C:\Windows\system32\IMM32.DLL
[0903/093452.767:ERROR:process_memory_win.cc(73)] ReadMemory at 0x7ffe09b50000 of 64 bytes failed: Only part of a ReadProcessMemory or WriteProcessMemory request was completed. (0x12B)
[0903/093452.767:WARNING:pe_image_reader.cc(340)] could not read dos header from C:\Windows\system32\MSCTF.dll
[0903/093452.767:ERROR:process_memory_win.cc(73)] ReadMemory at 0x7ffe09b50000 of 64 bytes failed: Only part of a ReadProcessMemory or WriteProcessMemory request was completed. (0x12B)
[0903/093452.767:WARNING:pe_image_reader.cc(340)] could not read dos header from C:\Windows\system32\MSCTF.dll
[0903/093452.767:ERROR:process_memory_win.cc(73)] ReadMemory at 0x7ffe07e90000 of 64 bytes failed: Only part of a ReadProcessMemory or WriteProcessMemory request was completed. (0x12B)
[0903/093452.767:WARNING:pe_image_reader.cc(340)] could not read dos header from C:\Windows\system32\SHELL32.dll
[0903/093452.767:ERROR:process_memory_win.cc(73)] ReadMemory at 0x7ffe07e90000 of 64 bytes failed: Only part of a ReadProcessMemory or WriteProcessMemory request was completed. (0x12B)
[0903/093452.767:WARNING:pe_image_reader.cc(340)] could not read dos header from C:\Windows\system32\SHELL32.dll
[0903/093452.767:ERROR:process_memory_win.cc(73)] ReadMemory at 0x7ffe0a160000 of 64 bytes failed: Only part of a ReadProcessMemory or WriteProcessMemory request was completed. (0x12B)
[0903/093452.767:WARNING:pe_image_reader.cc(340)] could not read dos header from C:\Windows\system32\SHLWAPI.dll
[0903/093452.767:ERROR:process_memory_win.cc(73)] ReadMemory at 0x7ffe0a160000 of 64 bytes failed: Only part of a ReadProcessMemory or WriteProcessMemory request was completed. (0x12B)
[0903/093452.767:WARNING:pe_image_reader.cc(340)] could not read dos header from C:\Windows\system32\SHLWAPI.dll
[0903/093452.767:ERROR:process_memory_win.cc(73)] ReadMemory at 0x7ffe06c20000 of 64 bytes failed: Only part of a ReadProcessMemory or WriteProcessMemory request was completed. (0x12B)
[0903/093452.767:WARNING:pe_image_reader.cc(340)] could not read dos header from C:\Windows\SYSTEM32\SHCORE.dll
[0903/093452.767:ERROR:process_memory_win.cc(73)] ReadMemory at 0x7ffe06c20000 of 64 bytes failed: Only part of a ReadProcessMemory or WriteProcessMemory request was completed. (0x12B)
[0903/093452.767:WARNING:pe_image_reader.cc(340)] could not read dos header from C:\Windows\SYSTEM32\SHCORE.dll
[0903/093452.768:ERROR:process_memory_win.cc(73)] ReadMemory at 0x7ffe074c0000 of 64 bytes failed: Only part of a ReadProcessMemory or WriteProcessMemory request was completed. (0x12B)
[0903/093452.768:WARNING:pe_image_reader.cc(340)] could not read dos header from C:\Windows\SYSTEM32\CRYPTBASE.DLL
[0903/093452.768:ERROR:process_memory_win.cc(73)] ReadMemory at 0x7ffe074c0000 of 64 bytes failed: Only part of a ReadProcessMemory or WriteProcessMemory request was completed. (0x12B)
[0903/093452.768:WARNING:pe_image_reader.cc(340)] could not read dos header from C:\Windows\SYSTEM32\CRYPTBASE.DLL
[0903/093452.768:ERROR:process_memory_win.cc(73)] ReadMemory at 0x7ffe07450000 of 64 bytes failed: Only part of a ReadProcessMemory or WriteProcessMemory request was completed. (0x12B)
[0903/093452.768:WARNING:pe_image_reader.cc(340)] could not read dos header from C:\Windows\SYSTEM32\bcryptPrimitives.dll
[0903/093452.768:ERROR:process_memory_win.cc(73)] ReadMemory at 0x7ffe07450000 of 64 bytes failed: Only part of a ReadProcessMemory or WriteProcessMemory request was completed. (0x12B)
[0903/093452.768:WARNING:pe_image_reader.cc(340)] could not read dos header from C:\Windows\SYSTEM32\bcryptPrimitives.dll
